<?xml version="1.0" encoding="UTF-8"?>
<robot generator="Robot 6.0.2 (Python 3.11.3 on win32)" generated="20230910 19:52:50.831" rpa="false" schemaversion="3">
<suite id="s1" name="Usuarios" source="C:\Users\Dayen\OneDrive\Área de Trabalho\Testes Automatizados\Sistema de RH\suites\usuarios">
<suite id="s1-s1" name="Multiplos Usuarios" source="C:\Users\Dayen\OneDrive\Área de Trabalho\Testes Automatizados\Sistema de RH\suites\usuarios\multiplos_usuarios.robot">
<test id="s1-s1-t1" name="TC01- Cenario de teste: Cadastro de Funcionário" line="57">
<kw name="Acessar o site e Logar" library="setup_teardoown" type="SETUP">
<kw name="Dado que acesse o RangerRH" library="login_page">
<kw name="Open Browser" library="SeleniumLibrary">
<arg>${URL}</arg>
<arg>${browser}</arg>
<doc>Opens a new browser instance to the optional ``url``.</doc>
<msg timestamp="20230910 19:52:51.122" level="INFO">Opening browser 'chrome' to base url 'https://opensource-demo.orangehrmlive.com/web/index.php/auth/login'.</msg>
<status status="PASS" starttime="20230910 19:52:51.122" endtime="20230910 19:52:55.799"/>
</kw>
<status status="PASS" starttime="20230910 19:52:51.122" endtime="20230910 19:52:55.799"/>
</kw>
<kw name="E Realize o Login" library="login_page">
<kw name="Sleep" library="BuiltIn">
<arg>2s</arg>
<doc>Pauses the test executed for the given time.</doc>
<msg timestamp="20230910 19:52:57.801" level="INFO">Slept 2 seconds</msg>
<status status="PASS" starttime="20230910 19:52:55.800" endtime="20230910 19:52:57.801"/>
</kw>
<kw name="Input Text" library="SeleniumLibrary">
<arg>${input_nome}</arg>
<arg>Admin</arg>
<doc>Types the given ``text`` into the text field identified by ``locator``.</doc>
<msg timestamp="20230910 19:52:57.802" level="INFO">Typing text 'Admin' into text field 'name:username'.</msg>
<status status="PASS" starttime="20230910 19:52:57.801" endtime="20230910 19:52:57.916"/>
</kw>
<kw name="Input Text" library="SeleniumLibrary">
<arg>${input_senha}</arg>
<arg>admin123</arg>
<doc>Types the given ``text`` into the text field identified by ``locator``.</doc>
<msg timestamp="20230910 19:52:57.918" level="INFO">Typing text 'admin123' into text field 'name:password'.</msg>
<status status="PASS" starttime="20230910 19:52:57.916" endtime="20230910 19:52:58.045"/>
</kw>
<kw name="Wait Until Element Is Visible" library="SeleniumLibrary">
<arg>//button[contains(.,'Login')]</arg>
<doc>Waits until the element ``locator`` is visible.</doc>
<status status="PASS" starttime="20230910 19:52:58.045" endtime="20230910 19:52:58.079"/>
</kw>
<kw name="Click Element" library="SeleniumLibrary">
<arg>${input_botão}</arg>
<doc>Click the element identified by ``locator``.</doc>
<msg timestamp="20230910 19:52:58.080" level="INFO">Clicking element '//button[contains(.,'Login')]'.</msg>
<status status="PASS" starttime="20230910 19:52:58.079" endtime="20230910 19:52:58.132"/>
</kw>
<kw name="Sleep" library="BuiltIn">
<arg>2s</arg>
<doc>Pauses the test executed for the given time.</doc>
<msg timestamp="20230910 19:53:00.133" level="INFO">Slept 2 seconds</msg>
<status status="PASS" starttime="20230910 19:52:58.132" endtime="20230910 19:53:00.133"/>
</kw>
<status status="PASS" starttime="20230910 19:52:55.800" endtime="20230910 19:53:00.133"/>
</kw>
<kw name="Então, a pagina inicial de Dashboard sera exibida" library="login_page">
<kw name="Maximize Browser Window" library="SeleniumLibrary">
<doc>Maximizes current browser window.</doc>
<status status="PASS" starttime="20230910 19:53:00.133" endtime="20230910 19:53:00.260"/>
</kw>
<status status="PASS" starttime="20230910 19:53:00.133" endtime="20230910 19:53:00.260"/>
</kw>
<status status="PASS" starttime="20230910 19:52:51.122" endtime="20230910 19:53:00.260"/>
</kw>
<kw name="Dado que eu acesse a opção PIM, no menu">
<kw name="Wait Until Element Is Visible" library="SeleniumLibrary">
<arg>//span[contains(.,'PIM')]</arg>
<doc>Waits until the element ``locator`` is visible.</doc>
<status status="PASS" starttime="20230910 19:53:00.261" endtime="20230910 19:53:00.316"/>
</kw>
<kw name="Click Element" library="SeleniumLibrary">
<arg>//span[contains(.,'PIM')]</arg>
<doc>Click the element identified by ``locator``.</doc>
<msg timestamp="20230910 19:53:00.319" level="INFO">Clicking element '//span[contains(.,'PIM')]'.</msg>
<status status="PASS" starttime="20230910 19:53:00.317" endtime="20230910 19:53:02.469"/>
</kw>
<status status="PASS" starttime="20230910 19:53:00.260" endtime="20230910 19:53:02.469"/>
</kw>
<kw name="E clico Add Employee">
<kw name="Wait Until Element Is Visible" library="SeleniumLibrary">
<arg>//a[contains(.,'Add Employee')]</arg>
<doc>Waits until the element ``locator`` is visible.</doc>
<status status="PASS" starttime="20230910 19:53:02.470" endtime="20230910 19:53:02.980"/>
</kw>
<kw name="Click Element" library="SeleniumLibrary">
<arg>//a[contains(.,'Add Employee')]</arg>
<doc>Click the element identified by ``locator``.</doc>
<msg timestamp="20230910 19:53:02.981" level="INFO">Clicking element '//a[contains(.,'Add Employee')]'.</msg>
<status status="PASS" starttime="20230910 19:53:02.981" endtime="20230910 19:53:03.937"/>
</kw>
<kw name="Sleep" library="BuiltIn">
<arg>2s</arg>
<doc>Pauses the test executed for the given time.</doc>
<msg timestamp="20230910 19:53:05.939" level="INFO">Slept 2 seconds</msg>
<status status="PASS" starttime="20230910 19:53:03.937" endtime="20230910 19:53:05.939"/>
</kw>
<status status="PASS" starttime="20230910 19:53:02.470" endtime="20230910 19:53:05.939"/>
</kw>
<kw name="E adiciono 5 novos usuários" sourcename="E adiciono ${quantidade} novos usuários">
<for flavor="IN RANGE">
<var>${i}</var>
<value>${quantidade}</value>
<iter>
<var name="${i}">0</var>
<kw name="Wait Until Element Is Visible" library="SeleniumLibrary">
<arg>//input[@name="firstName"]</arg>
<doc>Waits until the element ``locator`` is visible.</doc>
<status status="PASS" starttime="20230910 19:53:05.940" endtime="20230910 19:53:05.965"/>
</kw>
<kw name="Input Text" library="SeleniumLibrary">
<arg>${input_nomefuncionario}</arg>
<arg>Dayene ${i}</arg>
<doc>Types the given ``text`` into the text field identified by ``locator``.</doc>
<msg timestamp="20230910 19:53:05.966" level="INFO">Typing text 'Dayene 0' into text field '//input[@name="firstName"]'.</msg>
<status status="PASS" starttime="20230910 19:53:05.965" endtime="20230910 19:53:06.066"/>
</kw>
<kw name="Sleep" library="BuiltIn">
<arg>3s</arg>
<doc>Pauses the test executed for the given time.</doc>
<msg timestamp="20230910 19:53:09.066" level="INFO">Slept 3 seconds</msg>
<status status="PASS" starttime="20230910 19:53:06.066" endtime="20230910 19:53:09.066"/>
</kw>
<kw name="Input Text" library="SeleniumLibrary">
<arg>${input_segundonome}</arg>
<arg>Vanessa</arg>
<doc>Types the given ``text`` into the text field identified by ``locator``.</doc>
<msg timestamp="20230910 19:53:09.066" level="INFO">Typing text 'Vanessa' into text field '//input[@name="middleName"]'.</msg>
<status status="PASS" starttime="20230910 19:53:09.066" endtime="20230910 19:53:09.175"/>
</kw>
<kw name="Input Text" library="SeleniumLibrary">
<arg>${input_sobrenome}</arg>
<arg>Sousa</arg>
<doc>Types the given ``text`` into the text field identified by ``locator``.</doc>
<msg timestamp="20230910 19:53:09.175" level="INFO">Typing text 'Sousa' into text field '//input[@name="lastName"]'.</msg>
<status status="PASS" starttime="20230910 19:53:09.175" endtime="20230910 19:53:09.266"/>
</kw>
<kw name="Sleep" library="BuiltIn">
<arg>3s</arg>
<doc>Pauses the test executed for the given time.</doc>
<msg timestamp="20230910 19:53:12.266" level="INFO">Slept 3 seconds</msg>
<status status="PASS" starttime="20230910 19:53:09.266" endtime="20230910 19:53:12.267"/>
</kw>
<kw name="Click Element" library="SeleniumLibrary">
<arg>${submit_save}</arg>
<doc>Click the element identified by ``locator``.</doc>
<msg timestamp="20230910 19:53:12.267" level="INFO">Clicking element '//*[@id="app"]/div[1]/div[2]/div[2]/div/div/form/div[2]/button[2]'.</msg>
<status status="PASS" starttime="20230910 19:53:12.267" endtime="20230910 19:53:12.343"/>
</kw>
<kw name="E clico Add Employee">
<kw name="Wait Until Element Is Visible" library="SeleniumLibrary">
<arg>//a[contains(.,'Add Employee')]</arg>
<doc>Waits until the element ``locator`` is visible.</doc>
<status status="PASS" starttime="20230910 19:53:12.347" endtime="20230910 19:53:12.366"/>
</kw>
<kw name="Click Element" library="SeleniumLibrary">
<arg>//a[contains(.,'Add Employee')]</arg>
<doc>Click the element identified by ``locator``.</doc>
<msg timestamp="20230910 19:53:12.367" level="INFO">Clicking element '//a[contains(.,'Add Employee')]'.</msg>
<status status="PASS" starttime="20230910 19:53:12.366" endtime="20230910 19:53:12.957"/>
</kw>
<kw name="Sleep" library="BuiltIn">
<arg>2s</arg>
<doc>Pauses the test executed for the given time.</doc>
<msg timestamp="20230910 19:53:14.958" level="INFO">Slept 2 seconds</msg>
<status status="PASS" starttime="20230910 19:53:12.957" endtime="20230910 19:53:14.958"/>
</kw>
<status status="PASS" starttime="20230910 19:53:12.347" endtime="20230910 19:53:14.958"/>
</kw>
<status status="PASS" starttime="20230910 19:53:05.940" endtime="20230910 19:53:14.958"/>
</iter>
<iter>
<var name="${i}">1</var>
<kw name="Wait Until Element Is Visible" library="SeleniumLibrary">
<arg>//input[@name="firstName"]</arg>
<doc>Waits until the element ``locator`` is visible.</doc>
<status status="PASS" starttime="20230910 19:53:14.958" endtime="20230910 19:53:14.983"/>
</kw>
<kw name="Input Text" library="SeleniumLibrary">
<arg>${input_nomefuncionario}</arg>
<arg>Dayene ${i}</arg>
<doc>Types the given ``text`` into the text field identified by ``locator``.</doc>
<msg timestamp="20230910 19:53:14.984" level="INFO">Typing text 'Dayene 1' into text field '//input[@name="firstName"]'.</msg>
<status status="PASS" starttime="20230910 19:53:14.984" endtime="20230910 19:53:15.070"/>
</kw>
<kw name="Sleep" library="BuiltIn">
<arg>3s</arg>
<doc>Pauses the test executed for the given time.</doc>
<msg timestamp="20230910 19:53:18.070" level="INFO">Slept 3 seconds</msg>
<status status="PASS" starttime="20230910 19:53:15.070" endtime="20230910 19:53:18.070"/>
</kw>
<kw name="Input Text" library="SeleniumLibrary">
<arg>${input_segundonome}</arg>
<arg>Vanessa</arg>
<doc>Types the given ``text`` into the text field identified by ``locator``.</doc>
<msg timestamp="20230910 19:53:18.071" level="INFO">Typing text 'Vanessa' into text field '//input[@name="middleName"]'.</msg>
<status status="PASS" starttime="20230910 19:53:18.070" endtime="20230910 19:53:18.167"/>
</kw>
<kw name="Input Text" library="SeleniumLibrary">
<arg>${input_sobrenome}</arg>
<arg>Sousa</arg>
<doc>Types the given ``text`` into the text field identified by ``locator``.</doc>
<msg timestamp="20230910 19:53:18.167" level="INFO">Typing text 'Sousa' into text field '//input[@name="lastName"]'.</msg>
<status status="PASS" starttime="20230910 19:53:18.167" endtime="20230910 19:53:18.255"/>
</kw>
<kw name="Sleep" library="BuiltIn">
<arg>3s</arg>
<doc>Pauses the test executed for the given time.</doc>
<msg timestamp="20230910 19:53:21.256" level="INFO">Slept 3 seconds</msg>
<status status="PASS" starttime="20230910 19:53:18.256" endtime="20230910 19:53:21.256"/>
</kw>
<kw name="Click Element" library="SeleniumLibrary">
<arg>${submit_save}</arg>
<doc>Click the element identified by ``locator``.</doc>
<msg timestamp="20230910 19:53:21.257" level="INFO">Clicking element '//*[@id="app"]/div[1]/div[2]/div[2]/div/div/form/div[2]/button[2]'.</msg>
<status status="PASS" starttime="20230910 19:53:21.256" endtime="20230910 19:53:21.307"/>
</kw>
<kw name="E clico Add Employee">
<kw name="Wait Until Element Is Visible" library="SeleniumLibrary">
<arg>//a[contains(.,'Add Employee')]</arg>
<doc>Waits until the element ``locator`` is visible.</doc>
<status status="PASS" starttime="20230910 19:53:21.308" endtime="20230910 19:53:21.333"/>
</kw>
<kw name="Click Element" library="SeleniumLibrary">
<arg>//a[contains(.,'Add Employee')]</arg>
<doc>Click the element identified by ``locator``.</doc>
<msg timestamp="20230910 19:53:21.335" level="INFO">Clicking element '//a[contains(.,'Add Employee')]'.</msg>
<status status="PASS" starttime="20230910 19:53:21.333" endtime="20230910 19:53:21.853"/>
</kw>
<kw name="Sleep" library="BuiltIn">
<arg>2s</arg>
<doc>Pauses the test executed for the given time.</doc>
<msg timestamp="20230910 19:53:23.853" level="INFO">Slept 2 seconds</msg>
<status status="PASS" starttime="20230910 19:53:21.853" endtime="20230910 19:53:23.853"/>
</kw>
<status status="PASS" starttime="20230910 19:53:21.307" endtime="20230910 19:53:23.854"/>
</kw>
<status status="PASS" starttime="20230910 19:53:14.958" endtime="20230910 19:53:23.854"/>
</iter>
<iter>
<var name="${i}">2</var>
<kw name="Wait Until Element Is Visible" library="SeleniumLibrary">
<arg>//input[@name="firstName"]</arg>
<doc>Waits until the element ``locator`` is visible.</doc>
<status status="PASS" starttime="20230910 19:53:23.854" endtime="20230910 19:53:23.879"/>
</kw>
<kw name="Input Text" library="SeleniumLibrary">
<arg>${input_nomefuncionario}</arg>
<arg>Dayene ${i}</arg>
<doc>Types the given ``text`` into the text field identified by ``locator``.</doc>
<msg timestamp="20230910 19:53:23.880" level="INFO">Typing text 'Dayene 2' into text field '//input[@name="firstName"]'.</msg>
<status status="PASS" starttime="20230910 19:53:23.879" endtime="20230910 19:53:23.978"/>
</kw>
<kw name="Sleep" library="BuiltIn">
<arg>3s</arg>
<doc>Pauses the test executed for the given time.</doc>
<msg timestamp="20230910 19:53:26.978" level="INFO">Slept 3 seconds</msg>
<status status="PASS" starttime="20230910 19:53:23.978" endtime="20230910 19:53:26.978"/>
</kw>
<kw name="Input Text" library="SeleniumLibrary">
<arg>${input_segundonome}</arg>
<arg>Vanessa</arg>
<doc>Types the given ``text`` into the text field identified by ``locator``.</doc>
<msg timestamp="20230910 19:53:26.978" level="INFO">Typing text 'Vanessa' into text field '//input[@name="middleName"]'.</msg>
<status status="PASS" starttime="20230910 19:53:26.978" endtime="20230910 19:53:27.079"/>
</kw>
<kw name="Input Text" library="SeleniumLibrary">
<arg>${input_sobrenome}</arg>
<arg>Sousa</arg>
<doc>Types the given ``text`` into the text field identified by ``locator``.</doc>
<msg timestamp="20230910 19:53:27.080" level="INFO">Typing text 'Sousa' into text field '//input[@name="lastName"]'.</msg>
<status status="PASS" starttime="20230910 19:53:27.079" endtime="20230910 19:53:27.164"/>
</kw>
<kw name="Sleep" library="BuiltIn">
<arg>3s</arg>
<doc>Pauses the test executed for the given time.</doc>
<msg timestamp="20230910 19:53:30.164" level="INFO">Slept 3 seconds</msg>
<status status="PASS" starttime="20230910 19:53:27.164" endtime="20230910 19:53:30.164"/>
</kw>
<kw name="Click Element" library="SeleniumLibrary">
<arg>${submit_save}</arg>
<doc>Click the element identified by ``locator``.</doc>
<msg timestamp="20230910 19:53:30.164" level="INFO">Clicking element '//*[@id="app"]/div[1]/div[2]/div[2]/div/div/form/div[2]/button[2]'.</msg>
<status status="PASS" starttime="20230910 19:53:30.164" endtime="20230910 19:53:30.209"/>
</kw>
<kw name="E clico Add Employee">
<kw name="Wait Until Element Is Visible" library="SeleniumLibrary">
<arg>//a[contains(.,'Add Employee')]</arg>
<doc>Waits until the element ``locator`` is visible.</doc>
<status status="PASS" starttime="20230910 19:53:30.209" endtime="20230910 19:53:30.229"/>
</kw>
<kw name="Click Element" library="SeleniumLibrary">
<arg>//a[contains(.,'Add Employee')]</arg>
<doc>Click the element identified by ``locator``.</doc>
<msg timestamp="20230910 19:53:30.231" level="INFO">Clicking element '//a[contains(.,'Add Employee')]'.</msg>
<status status="PASS" starttime="20230910 19:53:30.230" endtime="20230910 19:53:30.982"/>
</kw>
<kw name="Sleep" library="BuiltIn">
<arg>2s</arg>
<doc>Pauses the test executed for the given time.</doc>
<msg timestamp="20230910 19:53:32.983" level="INFO">Slept 2 seconds</msg>
<status status="PASS" starttime="20230910 19:53:30.983" endtime="20230910 19:53:32.983"/>
</kw>
<status status="PASS" starttime="20230910 19:53:30.209" endtime="20230910 19:53:32.983"/>
</kw>
<status status="PASS" starttime="20230910 19:53:23.854" endtime="20230910 19:53:32.983"/>
</iter>
<iter>
<var name="${i}">3</var>
<kw name="Wait Until Element Is Visible" library="SeleniumLibrary">
<arg>//input[@name="firstName"]</arg>
<doc>Waits until the element ``locator`` is visible.</doc>
<status status="PASS" starttime="20230910 19:53:32.984" endtime="20230910 19:53:33.005"/>
</kw>
<kw name="Input Text" library="SeleniumLibrary">
<arg>${input_nomefuncionario}</arg>
<arg>Dayene ${i}</arg>
<doc>Types the given ``text`` into the text field identified by ``locator``.</doc>
<msg timestamp="20230910 19:53:33.005" level="INFO">Typing text 'Dayene 3' into text field '//input[@name="firstName"]'.</msg>
<status status="PASS" starttime="20230910 19:53:33.005" endtime="20230910 19:53:33.089"/>
</kw>
<kw name="Sleep" library="BuiltIn">
<arg>3s</arg>
<doc>Pauses the test executed for the given time.</doc>
<msg timestamp="20230910 19:53:36.091" level="INFO">Slept 3 seconds</msg>
<status status="PASS" starttime="20230910 19:53:33.090" endtime="20230910 19:53:36.091"/>
</kw>
<kw name="Input Text" library="SeleniumLibrary">
<arg>${input_segundonome}</arg>
<arg>Vanessa</arg>
<doc>Types the given ``text`` into the text field identified by ``locator``.</doc>
<msg timestamp="20230910 19:53:36.092" level="INFO">Typing text 'Vanessa' into text field '//input[@name="middleName"]'.</msg>
<status status="PASS" starttime="20230910 19:53:36.091" endtime="20230910 19:53:36.184"/>
</kw>
<kw name="Input Text" library="SeleniumLibrary">
<arg>${input_sobrenome}</arg>
<arg>Sousa</arg>
<doc>Types the given ``text`` into the text field identified by ``locator``.</doc>
<msg timestamp="20230910 19:53:36.184" level="INFO">Typing text 'Sousa' into text field '//input[@name="lastName"]'.</msg>
<status status="PASS" starttime="20230910 19:53:36.184" endtime="20230910 19:53:36.267"/>
</kw>
<kw name="Sleep" library="BuiltIn">
<arg>3s</arg>
<doc>Pauses the test executed for the given time.</doc>
<msg timestamp="20230910 19:53:39.267" level="INFO">Slept 3 seconds</msg>
<status status="PASS" starttime="20230910 19:53:36.267" endtime="20230910 19:53:39.267"/>
</kw>
<kw name="Click Element" library="SeleniumLibrary">
<arg>${submit_save}</arg>
<doc>Click the element identified by ``locator``.</doc>
<msg timestamp="20230910 19:53:39.268" level="INFO">Clicking element '//*[@id="app"]/div[1]/div[2]/div[2]/div/div/form/div[2]/button[2]'.</msg>
<status status="PASS" starttime="20230910 19:53:39.267" endtime="20230910 19:53:39.310"/>
</kw>
<kw name="E clico Add Employee">
<kw name="Wait Until Element Is Visible" library="SeleniumLibrary">
<arg>//a[contains(.,'Add Employee')]</arg>
<doc>Waits until the element ``locator`` is visible.</doc>
<status status="PASS" starttime="20230910 19:53:39.310" endtime="20230910 19:53:39.332"/>
</kw>
<kw name="Click Element" library="SeleniumLibrary">
<arg>//a[contains(.,'Add Employee')]</arg>
<doc>Click the element identified by ``locator``.</doc>
<msg timestamp="20230910 19:53:39.334" level="INFO">Clicking element '//a[contains(.,'Add Employee')]'.</msg>
<status status="PASS" starttime="20230910 19:53:39.332" endtime="20230910 19:53:40.103"/>
</kw>
<kw name="Sleep" library="BuiltIn">
<arg>2s</arg>
<doc>Pauses the test executed for the given time.</doc>
<msg timestamp="20230910 19:53:42.103" level="INFO">Slept 2 seconds</msg>
<status status="PASS" starttime="20230910 19:53:40.103" endtime="20230910 19:53:42.103"/>
</kw>
<status status="PASS" starttime="20230910 19:53:39.310" endtime="20230910 19:53:42.103"/>
</kw>
<status status="PASS" starttime="20230910 19:53:32.984" endtime="20230910 19:53:42.103"/>
</iter>
<iter>
<var name="${i}">4</var>
<kw name="Wait Until Element Is Visible" library="SeleniumLibrary">
<arg>//input[@name="firstName"]</arg>
<doc>Waits until the element ``locator`` is visible.</doc>
<status status="PASS" starttime="20230910 19:53:42.103" endtime="20230910 19:53:42.124"/>
</kw>
<kw name="Input Text" library="SeleniumLibrary">
<arg>${input_nomefuncionario}</arg>
<arg>Dayene ${i}</arg>
<doc>Types the given ``text`` into the text field identified by ``locator``.</doc>
<msg timestamp="20230910 19:53:42.125" level="INFO">Typing text 'Dayene 4' into text field '//input[@name="firstName"]'.</msg>
<status status="PASS" starttime="20230910 19:53:42.124" endtime="20230910 19:53:42.208"/>
</kw>
<kw name="Sleep" library="BuiltIn">
<arg>3s</arg>
<doc>Pauses the test executed for the given time.</doc>
<msg timestamp="20230910 19:53:45.208" level="INFO">Slept 3 seconds</msg>
<status status="PASS" starttime="20230910 19:53:42.208" endtime="20230910 19:53:45.208"/>
</kw>
<kw name="Input Text" library="SeleniumLibrary">
<arg>${input_segundonome}</arg>
<arg>Vanessa</arg>
<doc>Types the given ``text`` into the text field identified by ``locator``.</doc>
<msg timestamp="20230910 19:53:45.209" level="INFO">Typing text 'Vanessa' into text field '//input[@name="middleName"]'.</msg>
<status status="PASS" starttime="20230910 19:53:45.208" endtime="20230910 19:53:45.302"/>
</kw>
<kw name="Input Text" library="SeleniumLibrary">
<arg>${input_sobrenome}</arg>
<arg>Sousa</arg>
<doc>Types the given ``text`` into the text field identified by ``locator``.</doc>
<msg timestamp="20230910 19:53:45.302" level="INFO">Typing text 'Sousa' into text field '//input[@name="lastName"]'.</msg>
<status status="PASS" starttime="20230910 19:53:45.302" endtime="20230910 19:53:45.384"/>
</kw>
<kw name="Sleep" library="BuiltIn">
<arg>3s</arg>
<doc>Pauses the test executed for the given time.</doc>
<msg timestamp="20230910 19:53:48.385" level="INFO">Slept 3 seconds</msg>
<status status="PASS" starttime="20230910 19:53:45.384" endtime="20230910 19:53:48.385"/>
</kw>
<kw name="Click Element" library="SeleniumLibrary">
<arg>${submit_save}</arg>
<doc>Click the element identified by ``locator``.</doc>
<msg timestamp="20230910 19:53:48.385" level="INFO">Clicking element '//*[@id="app"]/div[1]/div[2]/div[2]/div/div/form/div[2]/button[2]'.</msg>
<status status="PASS" starttime="20230910 19:53:48.385" endtime="20230910 19:53:48.437"/>
</kw>
<kw name="E clico Add Employee">
<kw name="Wait Until Element Is Visible" library="SeleniumLibrary">
<arg>//a[contains(.,'Add Employee')]</arg>
<doc>Waits until the element ``locator`` is visible.</doc>
<status status="PASS" starttime="20230910 19:53:48.438" endtime="20230910 19:53:48.460"/>
</kw>
<kw name="Click Element" library="SeleniumLibrary">
<arg>//a[contains(.,'Add Employee')]</arg>
<doc>Click the element identified by ``locator``.</doc>
<msg timestamp="20230910 19:53:48.460" level="INFO">Clicking element '//a[contains(.,'Add Employee')]'.</msg>
<status status="PASS" starttime="20230910 19:53:48.460" endtime="20230910 19:53:48.955"/>
</kw>
<kw name="Sleep" library="BuiltIn">
<arg>2s</arg>
<doc>Pauses the test executed for the given time.</doc>
<msg timestamp="20230910 19:53:50.956" level="INFO">Slept 2 seconds</msg>
<status status="PASS" starttime="20230910 19:53:48.956" endtime="20230910 19:53:50.956"/>
</kw>
<status status="PASS" starttime="20230910 19:53:48.437" endtime="20230910 19:53:50.956"/>
</kw>
<status status="PASS" starttime="20230910 19:53:42.103" endtime="20230910 19:53:50.956"/>
</iter>
<status status="PASS" starttime="20230910 19:53:05.940" endtime="20230910 19:53:50.956"/>
</for>
<status status="PASS" starttime="20230910 19:53:05.940" endtime="20230910 19:53:50.956"/>
</kw>
<kw name="Então, confirmo os novos usuarios na lista">
<kw name="Wait Until Element Is Visible" library="SeleniumLibrary">
<arg>${lista_link}</arg>
<doc>Waits until the element ``locator`` is visible.</doc>
<status status="PASS" starttime="20230910 19:53:50.957" endtime="20230910 19:53:50.989"/>
</kw>
<kw name="Click Element" library="SeleniumLibrary">
<arg>${lista_link}</arg>
<doc>Click the element identified by ``locator``.</doc>
<msg timestamp="20230910 19:53:50.989" level="INFO">Clicking element '//a[contains(.,'Employee List')]'.</msg>
<status status="PASS" starttime="20230910 19:53:50.989" endtime="20230910 19:53:51.438"/>
</kw>
<kw name="Sleep" library="BuiltIn">
<arg>3s</arg>
<doc>Pauses the test executed for the given time.</doc>
<msg timestamp="20230910 19:53:54.439" level="INFO">Slept 3 seconds</msg>
<status status="PASS" starttime="20230910 19:53:51.439" endtime="20230910 19:53:54.439"/>
</kw>
<kw name="Click Element" library="SeleniumLibrary">
<arg>//*[@id="app"]/div[1]/div[2]/div[2]/div/div[2]/div[4]/nav/ul/li[3]/button</arg>
<doc>Click the element identified by ``locator``.</doc>
<msg timestamp="20230910 19:53:54.439" level="INFO">Clicking element '//*[@id="app"]/div[1]/div[2]/div[2]/div/div[2]/div[4]/nav/ul/li[3]/button'.</msg>
<status status="PASS" starttime="20230910 19:53:54.439" endtime="20230910 19:53:54.517"/>
</kw>
<kw name="Sleep" library="BuiltIn">
<arg>3s</arg>
<doc>Pauses the test executed for the given time.</doc>
<msg timestamp="20230910 19:53:57.517" level="INFO">Slept 3 seconds</msg>
<status status="PASS" starttime="20230910 19:53:54.517" endtime="20230910 19:53:57.517"/>
</kw>
<kw name="Capture Element Screenshot" library="SeleniumLibrary">
<arg>//*[@id="app"]/div[1]/div[2]</arg>
<doc>Captures a screenshot from the element identified by ``locator`` and embeds it into log file.</doc>
<msg timestamp="20230910 19:53:57.805" level="INFO" html="true">&lt;/td&gt;&lt;/tr&gt;&lt;tr&gt;&lt;td colspan="3"&gt;&lt;a href="selenium-element-screenshot-10.png"&gt;&lt;img src="selenium-element-screenshot-10.png" width="400px"&gt;&lt;/a&gt;</msg>
<status status="PASS" starttime="20230910 19:53:57.517" endtime="20230910 19:53:57.805"/>
</kw>
<status status="PASS" starttime="20230910 19:53:50.957" endtime="20230910 19:53:57.805"/>
</kw>
<kw name="Fechar Sistema">
<kw name="Close Browser" library="SeleniumLibrary">
<doc>Closes the current browser.</doc>
<status status="PASS" starttime="20230910 19:53:57.806" endtime="20230910 19:54:00.143"/>
</kw>
<status status="PASS" starttime="20230910 19:53:57.805" endtime="20230910 19:54:00.143"/>
</kw>
<status status="PASS" starttime="20230910 19:52:51.121" endtime="20230910 19:54:00.144"/>
</test>
<status status="PASS" starttime="20230910 19:52:50.860" endtime="20230910 19:54:00.146"/>
</suite>
<status status="PASS" starttime="20230910 19:52:50.833" endtime="20230910 19:54:00.148"/>
</suite>
<statistics>
<total>
<stat pass="1" fail="0" skip="0">All Tests</stat>
</total>
<tag>
</tag>
<suite>
<stat pass="1" fail="0" skip="0" id="s1" name="Usuarios">Usuarios</stat>
<stat pass="1" fail="0" skip="0" id="s1-s1" name="Multiplos Usuarios">Usuarios.Multiplos Usuarios</stat>
</suite>
</statistics>
<errors>
</errors>
</robot>
